<?xml version="1.0" encoding="UTF-8"?>
<testng-results ignored="0" total="1" passed="1" failed="0" skipped="0">
  <reporter-output>
  </reporter-output>
  <suite started-at="2024-04-10T10:44:12 IST" name="test" finished-at="2024-04-10T10:45:57 IST" duration-ms="104488">
    <groups>
    </groups>
    <test started-at="2024-04-10T10:44:12 IST" name="Test_Chrome" finished-at="2024-04-10T10:45:57 IST" duration-ms="104488">
      <class name="Test_Cases_Package.Test_Case_03">
        <test-method is-config="true" signature="BeforeClass(java.lang.String)[pri:0, instance:Test_Cases_Package.Test_Case_03@55141def]" started-at="2024-04-10T10:44:12 IST" name="BeforeClass" finished-at="2024-04-10T10:45:48 IST" duration-ms="95928" status="PASS">
          <params>
            <param index="0">
              <value>
                <![CDATA[Chrome]]>
              </value>
            </param>
          </params>
          <reporter-output>
          </reporter-output>
        </test-method> <!-- BeforeClass -->
        <test-method signature="Test_Case_Login_Page()[pri:0, instance:Test_Cases_Package.Test_Case_03@55141def]" started-at="2024-04-10T10:45:48 IST" name="Test_Case_Login_Page" finished-at="2024-04-10T10:45:51 IST" duration-ms="2511" status="PASS">
          <reporter-output>
          </reporter-output>
        </test-method> <!-- Test_Case_Login_Page -->
        <test-method is-config="true" signature="Afterclass()[pri:0, instance:Test_Cases_Package.Test_Case_03@55141def]" started-at="2024-04-10T10:45:51 IST" name="Afterclass" finished-at="2024-04-10T10:45:57 IST" duration-ms="6004" status="PASS">
          <reporter-output>
          </reporter-output>
        </test-method> <!-- Afterclass -->
      </class> <!-- Test_Cases_Package.Test_Case_03 -->
    </test> <!-- Test_Chrome -->
  </suite> <!-- test -->
</testng-results>
